2017-08-03 16:59:21,716 INFO     errbot.specific_plugin_manager storage search paths {'/Users/cyc/ss/lib/python3.6/site-packages/errbot/storage'}
2017-08-03 16:59:21,718 INFO     errbot.specific_plugin_manager Found those plugings available:
2017-08-03 16:59:21,718 INFO     errbot.specific_plugin_manager 	    Memory  (/Users/cyc/ss/lib/python3.6/site-packages/errbot/storage/memory.py)
2017-08-03 16:59:21,719 INFO     errbot.specific_plugin_manager 	     Shelf  (/Users/cyc/ss/lib/python3.6/site-packages/errbot/storage/shelf.py)
2017-08-03 16:59:21,719 INFO     errbot.bootstrap          Found Storage plugin: 'Shelf'
Description: This is the storage plugin for the traditional shelf store for errbot.
2017-08-03 16:59:21,720 DEBUG    errbot.specific_plugin_manager Refilter the plugins...
2017-08-03 16:59:21,721 WARNING  yapsy                     Plugin candidate '/Users/cyc/ss/lib/python3.6/site-packages/errbot/storage/memory.plug'  rejected by strategy 'SpecificBackendLocator'
2017-08-03 16:59:21,722 DEBUG    errbot.specific_plugin_manager Load the one remaining...
2017-08-03 16:59:21,726 DEBUG    errbot.specific_plugin_manager Class to load ShelfStoragePlugin
2017-08-03 16:59:21,727 DEBUG    errbot.storage            Opening storage 'repomgr'
2017-08-03 16:59:21,727 DEBUG    errbot.storage.shelf      Open shelf storage /Users/cyc/Documents/mypy/pinyin/errbot/data/repomgr.db
2017-08-03 16:59:21,742 DEBUG    errbot.storage            Opening storage 'core'
2017-08-03 16:59:21,743 DEBUG    errbot.storage.shelf      Open shelf storage /Users/cyc/Documents/mypy/pinyin/errbot/data/core.db
2017-08-03 16:59:21,747 INFO     errbot.specific_plugin_manager backends search paths {'/Users/cyc/ss/lib/python3.6/site-packages/errbot/backends'}
2017-08-03 16:59:21,757 INFO     errbot.specific_plugin_manager Found those plugings available:
2017-08-03 16:59:21,757 INFO     errbot.specific_plugin_manager 	   Graphic  (/Users/cyc/ss/lib/python3.6/site-packages/errbot/backends/graphic.py)
2017-08-03 16:59:21,757 INFO     errbot.specific_plugin_manager 	   Hipchat  (/Users/cyc/ss/lib/python3.6/site-packages/errbot/backends/hipchat.py)
2017-08-03 16:59:21,758 INFO     errbot.specific_plugin_manager 	       IRC  (/Users/cyc/ss/lib/python3.6/site-packages/errbot/backends/irc.py)
2017-08-03 16:59:21,758 INFO     errbot.specific_plugin_manager 	      Null  (/Users/cyc/ss/lib/python3.6/site-packages/errbot/backends/null.py)
2017-08-03 16:59:21,758 INFO     errbot.specific_plugin_manager 	     Slack  (/Users/cyc/ss/lib/python3.6/site-packages/errbot/backends/slack.py)
2017-08-03 16:59:21,758 INFO     errbot.specific_plugin_manager 	  Telegram  (/Users/cyc/ss/lib/python3.6/site-packages/errbot/backends/telegram_messenger.py)
2017-08-03 16:59:21,759 INFO     errbot.specific_plugin_manager 	      Test  (/Users/cyc/ss/lib/python3.6/site-packages/errbot/backends/test.py)
2017-08-03 16:59:21,759 INFO     errbot.specific_plugin_manager 	      Text  (/Users/cyc/ss/lib/python3.6/site-packages/errbot/backends/text.py)
2017-08-03 16:59:21,759 INFO     errbot.specific_plugin_manager 	      XMPP  (/Users/cyc/ss/lib/python3.6/site-packages/errbot/backends/xmpp.py)
2017-08-03 16:59:21,760 INFO     errbot.bootstrap          Found Backend plugin: 'Text'
						Description: This is the text backend for Err.
2017-08-03 16:59:21,760 DEBUG    errbot.specific_plugin_manager Refilter the plugins...
2017-08-03 16:59:21,762 WARNING  yapsy                     Plugin candidate '/Users/cyc/ss/lib/python3.6/site-packages/errbot/backends/graphic.plug'  rejected by strategy 'SpecificBackendLocator'
2017-08-03 16:59:21,763 WARNING  yapsy                     Plugin candidate '/Users/cyc/ss/lib/python3.6/site-packages/errbot/backends/hipchat.plug'  rejected by strategy 'SpecificBackendLocator'
2017-08-03 16:59:21,764 WARNING  yapsy                     Plugin candidate '/Users/cyc/ss/lib/python3.6/site-packages/errbot/backends/irc.plug'  rejected by strategy 'SpecificBackendLocator'
2017-08-03 16:59:21,764 WARNING  yapsy                     Plugin candidate '/Users/cyc/ss/lib/python3.6/site-packages/errbot/backends/null.plug'  rejected by strategy 'SpecificBackendLocator'
2017-08-03 16:59:21,766 WARNING  yapsy                     Plugin candidate '/Users/cyc/ss/lib/python3.6/site-packages/errbot/backends/slack.plug'  rejected by strategy 'SpecificBackendLocator'
2017-08-03 16:59:21,766 WARNING  yapsy                     Plugin candidate '/Users/cyc/ss/lib/python3.6/site-packages/errbot/backends/telegram_messenger.plug'  rejected by strategy 'SpecificBackendLocator'
2017-08-03 16:59:21,767 WARNING  yapsy                     Plugin candidate '/Users/cyc/ss/lib/python3.6/site-packages/errbot/backends/test.plug'  rejected by strategy 'SpecificBackendLocator'
2017-08-03 16:59:21,769 WARNING  yapsy                     Plugin candidate '/Users/cyc/ss/lib/python3.6/site-packages/errbot/backends/xmpp.plug'  rejected by strategy 'SpecificBackendLocator'
2017-08-03 16:59:21,769 DEBUG    errbot.specific_plugin_manager Load the one remaining...
2017-08-03 16:59:21,817 DEBUG    errbot.specific_plugin_manager Class to load TextBackend
2017-08-03 16:59:21,818 DEBUG    errbot.core               ErrBot init.
2017-08-03 16:59:21,818 DEBUG    errbot.backends.base      Backend init.
2017-08-03 16:59:21,824 DEBUG    errbot.core               created a thread pool of size 10.
2017-08-03 16:59:21,826 DEBUG    errbot.backends.text      Text Backend Init.
2017-08-03 16:59:21,827 ERROR    yapsy                     Unable to create plugin object: /Users/cyc/ss/lib/python3.6/site-packages/errbot/backends/text
Traceback (most recent call last):
  File "/Users/cyc/ss/lib/python3.6/site-packages/yapsy/PluginManager.py", line 512, in loadPlugins
    plugin_info.plugin_object = self.instanciateElement(element)
  File "/Users/cyc/ss/lib/python3.6/site-packages/errbot/specific_plugin_manager.py", line 59, in instanciateElement
    return element(self._config)
  File "/Users/cyc/ss/lib/python3.6/site-packages/errbot/backends/text.py", line 229, in __init__
    if 'username' in self.bot_config.BOT_IDENTITY:
AttributeError: module 'config' has no attribute 'BOT_IDENTITY'
2017-08-03 16:59:21,829 ERROR    errbot.bootstrap          Unable to load or configure the backend.
Traceback (most recent call last):
  File "/Users/cyc/ss/lib/python3.6/site-packages/errbot/bootstrap.py", line 135, in setup_bot
    bot = backendpm.get_plugin_by_name(backend_name)
  File "/Users/cyc/ss/lib/python3.6/site-packages/errbot/specific_plugin_manager.py", line 86, in get_plugin_by_name
    raise Exception('Error loading plugin %s:\nError:\n%s\n' % (name, formatted_error))
Exception: Error loading plugin Text:
Error:
<class 'AttributeError'>:
  File "/Users/cyc/ss/lib/python3.6/site-packages/yapsy/PluginManager.py", line 512, in loadPlugins
    plugin_info.plugin_object = self.instanciateElement(element)
  File "/Users/cyc/ss/lib/python3.6/site-packages/errbot/specific_plugin_manager.py", line 59, in instanciateElement
    return element(self._config)
  File "/Users/cyc/ss/lib/python3.6/site-packages/errbot/backends/text.py", line 229, in __init__
    if 'username' in self.bot_config.BOT_IDENTITY:


2017-08-03 17:02:58,756 INFO     errbot.specific_plugin_manager storage search paths {'/Users/cyc/ss/lib/python3.6/site-packages/errbot/storage'}
2017-08-03 17:02:58,758 INFO     errbot.specific_plugin_manager Found those plugings available:
2017-08-03 17:02:58,758 INFO     errbot.specific_plugin_manager 	    Memory  (/Users/cyc/ss/lib/python3.6/site-packages/errbot/storage/memory.py)
2017-08-03 17:02:58,758 INFO     errbot.specific_plugin_manager 	     Shelf  (/Users/cyc/ss/lib/python3.6/site-packages/errbot/storage/shelf.py)
2017-08-03 17:02:58,759 INFO     errbot.bootstrap          Found Storage plugin: 'Shelf'
Description: This is the storage plugin for the traditional shelf store for errbot.
2017-08-03 17:02:58,759 DEBUG    errbot.specific_plugin_manager Refilter the plugins...
2017-08-03 17:02:58,760 WARNING  yapsy                     Plugin candidate '/Users/cyc/ss/lib/python3.6/site-packages/errbot/storage/memory.plug'  rejected by strategy 'SpecificBackendLocator'
2017-08-03 17:02:58,763 DEBUG    errbot.specific_plugin_manager Load the one remaining...
2017-08-03 17:02:58,765 DEBUG    errbot.specific_plugin_manager Class to load ShelfStoragePlugin
2017-08-03 17:02:58,765 DEBUG    errbot.storage            Opening storage 'repomgr'
2017-08-03 17:02:58,766 DEBUG    errbot.storage.shelf      Open shelf storage /Users/cyc/Documents/mypy/pinyin/errbot/data/repomgr.db
2017-08-03 17:02:58,771 DEBUG    errbot.storage            Opening storage 'core'
2017-08-03 17:02:58,772 DEBUG    errbot.storage.shelf      Open shelf storage /Users/cyc/Documents/mypy/pinyin/errbot/data/core.db
2017-08-03 17:02:58,776 INFO     errbot.specific_plugin_manager backends search paths {'/Users/cyc/ss/lib/python3.6/site-packages/errbot/backends'}
2017-08-03 17:02:58,783 INFO     errbot.specific_plugin_manager Found those plugings available:
2017-08-03 17:02:58,783 INFO     errbot.specific_plugin_manager 	   Graphic  (/Users/cyc/ss/lib/python3.6/site-packages/errbot/backends/graphic.py)
2017-08-03 17:02:58,783 INFO     errbot.specific_plugin_manager 	   Hipchat  (/Users/cyc/ss/lib/python3.6/site-packages/errbot/backends/hipchat.py)
2017-08-03 17:02:58,784 INFO     errbot.specific_plugin_manager 	       IRC  (/Users/cyc/ss/lib/python3.6/site-packages/errbot/backends/irc.py)
2017-08-03 17:02:58,784 INFO     errbot.specific_plugin_manager 	      Null  (/Users/cyc/ss/lib/python3.6/site-packages/errbot/backends/null.py)
2017-08-03 17:02:58,784 INFO     errbot.specific_plugin_manager 	     Slack  (/Users/cyc/ss/lib/python3.6/site-packages/errbot/backends/slack.py)
2017-08-03 17:02:58,784 INFO     errbot.specific_plugin_manager 	  Telegram  (/Users/cyc/ss/lib/python3.6/site-packages/errbot/backends/telegram_messenger.py)
2017-08-03 17:02:58,785 INFO     errbot.specific_plugin_manager 	      Test  (/Users/cyc/ss/lib/python3.6/site-packages/errbot/backends/test.py)
2017-08-03 17:02:58,785 INFO     errbot.specific_plugin_manager 	      Text  (/Users/cyc/ss/lib/python3.6/site-packages/errbot/backends/text.py)
2017-08-03 17:02:58,785 INFO     errbot.specific_plugin_manager 	      XMPP  (/Users/cyc/ss/lib/python3.6/site-packages/errbot/backends/xmpp.py)
2017-08-03 17:02:58,786 INFO     errbot.bootstrap          Found Backend plugin: 'Text'
						Description: This is the text backend for Err.
2017-08-03 17:02:58,786 DEBUG    errbot.specific_plugin_manager Refilter the plugins...
2017-08-03 17:02:58,787 WARNING  yapsy                     Plugin candidate '/Users/cyc/ss/lib/python3.6/site-packages/errbot/backends/graphic.plug'  rejected by strategy 'SpecificBackendLocator'
2017-08-03 17:02:58,788 WARNING  yapsy                     Plugin candidate '/Users/cyc/ss/lib/python3.6/site-packages/errbot/backends/hipchat.plug'  rejected by strategy 'SpecificBackendLocator'
2017-08-03 17:02:58,788 WARNING  yapsy                     Plugin candidate '/Users/cyc/ss/lib/python3.6/site-packages/errbot/backends/irc.plug'  rejected by strategy 'SpecificBackendLocator'
2017-08-03 17:02:58,789 WARNING  yapsy                     Plugin candidate '/Users/cyc/ss/lib/python3.6/site-packages/errbot/backends/null.plug'  rejected by strategy 'SpecificBackendLocator'
2017-08-03 17:02:58,791 WARNING  yapsy                     Plugin candidate '/Users/cyc/ss/lib/python3.6/site-packages/errbot/backends/slack.plug'  rejected by strategy 'SpecificBackendLocator'
2017-08-03 17:02:58,792 WARNING  yapsy                     Plugin candidate '/Users/cyc/ss/lib/python3.6/site-packages/errbot/backends/telegram_messenger.plug'  rejected by strategy 'SpecificBackendLocator'
2017-08-03 17:02:58,793 WARNING  yapsy                     Plugin candidate '/Users/cyc/ss/lib/python3.6/site-packages/errbot/backends/test.plug'  rejected by strategy 'SpecificBackendLocator'
2017-08-03 17:02:58,795 WARNING  yapsy                     Plugin candidate '/Users/cyc/ss/lib/python3.6/site-packages/errbot/backends/xmpp.plug'  rejected by strategy 'SpecificBackendLocator'
2017-08-03 17:02:58,795 DEBUG    errbot.specific_plugin_manager Load the one remaining...
2017-08-03 17:02:58,836 DEBUG    errbot.specific_plugin_manager Class to load TextBackend
2017-08-03 17:02:58,837 DEBUG    errbot.core               ErrBot init.
2017-08-03 17:02:58,837 DEBUG    errbot.backends.base      Backend init.
2017-08-03 17:02:58,843 DEBUG    errbot.core               created a thread pool of size 10.
2017-08-03 17:02:58,846 DEBUG    errbot.backends.text      Text Backend Init.
2017-08-03 17:02:58,846 ERROR    yapsy                     Unable to create plugin object: /Users/cyc/ss/lib/python3.6/site-packages/errbot/backends/text
Traceback (most recent call last):
  File "/Users/cyc/ss/lib/python3.6/site-packages/yapsy/PluginManager.py", line 512, in loadPlugins
    plugin_info.plugin_object = self.instanciateElement(element)
  File "/Users/cyc/ss/lib/python3.6/site-packages/errbot/specific_plugin_manager.py", line 59, in instanciateElement
    return element(self._config)
  File "/Users/cyc/ss/lib/python3.6/site-packages/errbot/backends/text.py", line 229, in __init__
    if 'username' in self.bot_config.BOT_IDENTITY:
AttributeError: module 'config' has no attribute 'BOT_IDENTITY'
2017-08-03 17:02:58,848 ERROR    errbot.bootstrap          Unable to load or configure the backend.
Traceback (most recent call last):
  File "/Users/cyc/ss/lib/python3.6/site-packages/errbot/bootstrap.py", line 135, in setup_bot
    bot = backendpm.get_plugin_by_name(backend_name)
  File "/Users/cyc/ss/lib/python3.6/site-packages/errbot/specific_plugin_manager.py", line 86, in get_plugin_by_name
    raise Exception('Error loading plugin %s:\nError:\n%s\n' % (name, formatted_error))
Exception: Error loading plugin Text:
Error:
<class 'AttributeError'>:
  File "/Users/cyc/ss/lib/python3.6/site-packages/yapsy/PluginManager.py", line 512, in loadPlugins
    plugin_info.plugin_object = self.instanciateElement(element)
  File "/Users/cyc/ss/lib/python3.6/site-packages/errbot/specific_plugin_manager.py", line 59, in instanciateElement
    return element(self._config)
  File "/Users/cyc/ss/lib/python3.6/site-packages/errbot/backends/text.py", line 229, in __init__
    if 'username' in self.bot_config.BOT_IDENTITY:


2017-08-03 17:14:05,716 INFO     errbot.specific_plugin_manager storage search paths {'/Users/cyc/ss/lib/python3.6/site-packages/errbot/storage'}
2017-08-03 17:14:05,722 INFO     errbot.specific_plugin_manager Found those plugings available:
2017-08-03 17:14:05,722 INFO     errbot.specific_plugin_manager 	    Memory  (/Users/cyc/ss/lib/python3.6/site-packages/errbot/storage/memory.py)
2017-08-03 17:14:05,722 INFO     errbot.specific_plugin_manager 	     Shelf  (/Users/cyc/ss/lib/python3.6/site-packages/errbot/storage/shelf.py)
2017-08-03 17:14:05,722 INFO     errbot.bootstrap          Found Storage plugin: 'Shelf'
Description: This is the storage plugin for the traditional shelf store for errbot.
2017-08-03 17:14:05,723 DEBUG    errbot.specific_plugin_manager Refilter the plugins...
2017-08-03 17:14:05,723 WARNING  yapsy                     Plugin candidate '/Users/cyc/ss/lib/python3.6/site-packages/errbot/storage/memory.plug'  rejected by strategy 'SpecificBackendLocator'
2017-08-03 17:14:05,724 DEBUG    errbot.specific_plugin_manager Load the one remaining...
2017-08-03 17:14:05,728 DEBUG    errbot.specific_plugin_manager Class to load ShelfStoragePlugin
2017-08-03 17:14:05,728 DEBUG    errbot.storage            Opening storage 'repomgr'
2017-08-03 17:14:05,728 DEBUG    errbot.storage.shelf      Open shelf storage /Users/cyc/Documents/mypy/pinyin/errbot/data/repomgr.db
2017-08-03 17:14:05,735 DEBUG    errbot.storage            Opening storage 'core'
2017-08-03 17:14:05,735 DEBUG    errbot.storage.shelf      Open shelf storage /Users/cyc/Documents/mypy/pinyin/errbot/data/core.db
2017-08-03 17:14:05,740 INFO     errbot.specific_plugin_manager backends search paths {'/Users/cyc/ss/lib/python3.6/site-packages/errbot/backends'}
2017-08-03 17:14:05,758 INFO     errbot.specific_plugin_manager Found those plugings available:
2017-08-03 17:14:05,759 INFO     errbot.specific_plugin_manager 	   Graphic  (/Users/cyc/ss/lib/python3.6/site-packages/errbot/backends/graphic.py)
2017-08-03 17:14:05,760 INFO     errbot.specific_plugin_manager 	   Hipchat  (/Users/cyc/ss/lib/python3.6/site-packages/errbot/backends/hipchat.py)
2017-08-03 17:14:05,760 INFO     errbot.specific_plugin_manager 	       IRC  (/Users/cyc/ss/lib/python3.6/site-packages/errbot/backends/irc.py)
2017-08-03 17:14:05,760 INFO     errbot.specific_plugin_manager 	      Null  (/Users/cyc/ss/lib/python3.6/site-packages/errbot/backends/null.py)
2017-08-03 17:14:05,761 INFO     errbot.specific_plugin_manager 	     Slack  (/Users/cyc/ss/lib/python3.6/site-packages/errbot/backends/slack.py)
2017-08-03 17:14:05,761 INFO     errbot.specific_plugin_manager 	  Telegram  (/Users/cyc/ss/lib/python3.6/site-packages/errbot/backends/telegram_messenger.py)
2017-08-03 17:14:05,761 INFO     errbot.specific_plugin_manager 	      Test  (/Users/cyc/ss/lib/python3.6/site-packages/errbot/backends/test.py)
2017-08-03 17:14:05,762 INFO     errbot.specific_plugin_manager 	      Text  (/Users/cyc/ss/lib/python3.6/site-packages/errbot/backends/text.py)
2017-08-03 17:14:05,762 INFO     errbot.specific_plugin_manager 	      XMPP  (/Users/cyc/ss/lib/python3.6/site-packages/errbot/backends/xmpp.py)
2017-08-03 17:14:05,762 INFO     errbot.bootstrap          Found Backend plugin: 'Text'
						Description: This is the text backend for Err.
2017-08-03 17:14:05,763 DEBUG    errbot.specific_plugin_manager Refilter the plugins...
2017-08-03 17:14:05,764 WARNING  yapsy                     Plugin candidate '/Users/cyc/ss/lib/python3.6/site-packages/errbot/backends/graphic.plug'  rejected by strategy 'SpecificBackendLocator'
2017-08-03 17:14:05,765 WARNING  yapsy                     Plugin candidate '/Users/cyc/ss/lib/python3.6/site-packages/errbot/backends/hipchat.plug'  rejected by strategy 'SpecificBackendLocator'
2017-08-03 17:14:05,766 WARNING  yapsy                     Plugin candidate '/Users/cyc/ss/lib/python3.6/site-packages/errbot/backends/irc.plug'  rejected by strategy 'SpecificBackendLocator'
2017-08-03 17:14:05,768 WARNING  yapsy                     Plugin candidate '/Users/cyc/ss/lib/python3.6/site-packages/errbot/backends/null.plug'  rejected by strategy 'SpecificBackendLocator'
2017-08-03 17:14:05,769 WARNING  yapsy                     Plugin candidate '/Users/cyc/ss/lib/python3.6/site-packages/errbot/backends/slack.plug'  rejected by strategy 'SpecificBackendLocator'
2017-08-03 17:14:05,770 WARNING  yapsy                     Plugin candidate '/Users/cyc/ss/lib/python3.6/site-packages/errbot/backends/telegram_messenger.plug'  rejected by strategy 'SpecificBackendLocator'
2017-08-03 17:14:05,772 WARNING  yapsy                     Plugin candidate '/Users/cyc/ss/lib/python3.6/site-packages/errbot/backends/test.plug'  rejected by strategy 'SpecificBackendLocator'
2017-08-03 17:14:05,775 WARNING  yapsy                     Plugin candidate '/Users/cyc/ss/lib/python3.6/site-packages/errbot/backends/xmpp.plug'  rejected by strategy 'SpecificBackendLocator'
2017-08-03 17:14:05,776 DEBUG    errbot.specific_plugin_manager Load the one remaining...
2017-08-03 17:14:05,868 DEBUG    errbot.specific_plugin_manager Class to load TextBackend
2017-08-03 17:14:05,868 DEBUG    errbot.core               ErrBot init.
2017-08-03 17:14:05,868 DEBUG    errbot.backends.base      Backend init.
2017-08-03 17:14:05,873 DEBUG    errbot.core               created a thread pool of size 10.
2017-08-03 17:14:05,876 DEBUG    errbot.backends.text      Text Backend Init.
2017-08-03 17:14:05,876 ERROR    yapsy                     Unable to create plugin object: /Users/cyc/ss/lib/python3.6/site-packages/errbot/backends/text
Traceback (most recent call last):
  File "/Users/cyc/ss/lib/python3.6/site-packages/yapsy/PluginManager.py", line 512, in loadPlugins
    plugin_info.plugin_object = self.instanciateElement(element)
  File "/Users/cyc/ss/lib/python3.6/site-packages/errbot/specific_plugin_manager.py", line 59, in instanciateElement
    return element(self._config)
  File "/Users/cyc/ss/lib/python3.6/site-packages/errbot/backends/text.py", line 229, in __init__
    if 'username' in self.bot_config.BOT_IDENTITY:
AttributeError: module 'config' has no attribute 'BOT_IDENTITY'
2017-08-03 17:14:05,880 ERROR    errbot.bootstrap          Unable to load or configure the backend.
Traceback (most recent call last):
  File "/Users/cyc/ss/lib/python3.6/site-packages/errbot/bootstrap.py", line 135, in setup_bot
    bot = backendpm.get_plugin_by_name(backend_name)
  File "/Users/cyc/ss/lib/python3.6/site-packages/errbot/specific_plugin_manager.py", line 86, in get_plugin_by_name
    raise Exception('Error loading plugin %s:\nError:\n%s\n' % (name, formatted_error))
Exception: Error loading plugin Text:
Error:
<class 'AttributeError'>:
  File "/Users/cyc/ss/lib/python3.6/site-packages/yapsy/PluginManager.py", line 512, in loadPlugins
    plugin_info.plugin_object = self.instanciateElement(element)
  File "/Users/cyc/ss/lib/python3.6/site-packages/errbot/specific_plugin_manager.py", line 59, in instanciateElement
    return element(self._config)
  File "/Users/cyc/ss/lib/python3.6/site-packages/errbot/backends/text.py", line 229, in __init__
    if 'username' in self.bot_config.BOT_IDENTITY:


