2017-08-18 10:28:42,277 INFO 1hash-txinfo.py logger.info  # getting pages = 45, total_count: 2226
2017-08-18 10:28:42,285 INFO DBHelper logger.info  # connected sqlite3 success
2017-08-18 10:31:28,666 INFO 1hash-txinfo.py logger.info  # getting pages = 45, total_count: 2226
2017-08-18 10:31:28,671 INFO DBHelper logger.info  # connected sqlite3 success
2017-08-18 10:33:23,232 INFO 1hash-txinfo.py logger.info  # getting pages = 45, total_count: 2226
2017-08-18 10:33:23,238 INFO DBHelper logger.info  # connected sqlite3 success
2017-08-18 10:33:44,159 INFO 1hash-txinfo.py logger.info  # getting pages = 45, total_count: 2226
2017-08-18 10:33:44,164 INFO DBHelper logger.info  # connected sqlite3 success
2017-08-18 10:33:44,168 INFO 1hash-txinfo.py logger.info  # get latest txinfo: 2017-08-16 05:14:09
2017-08-18 10:33:44,168 INFO 1hash-txinfo.py logger.info  # get blockinfo, page: 1
2017-08-18 10:33:45,553 INFO 1hash-txinfo.py logger.info  # requesting: https://chain.api.btc.com/v3/address/1F1xcRt8H8Wa623KqmkEontwAAVqDSAWCV/tx?page=1
2017-08-18 10:33:45,555 INFO DBHelper logger.info  # connected sqlite3 success
2017-08-18 10:33:45,557 INFO DBHelper logger.info  # batch_insert success: <sqlite3.Cursor object at 0x1148fd1f0>, insert into income (time, txid, balance_diff, fee, is_coinbase, outputs_count) VALUES (?,?,?,?,?,?);
2017-08-18 10:33:45,557 INFO 1hash-txinfo.py logger.info  # updated 8 txinfo
2017-08-18 10:33:45,558 INFO DBHelper logger.info  # connected sqlite3 success
2017-08-18 10:33:45,684 INFO DBHelper logger.info  # connected sqlite3 success
2017-08-18 10:33:45,686 INFO DBHelper logger.info  # connected sqlite3 success
2017-08-18 10:33:47,791 INFO DBHelper logger.info  # connected sqlite3 success
2017-08-18 10:33:47,794 INFO DBHelper logger.info  # update success: 
                update block set quantity =?, is_update=? where time=?     
                  (2605, 0, '2017-08-31 00:00:00')
2017-08-18 10:33:47,794 INFO 1hash-txinfo.py logger.info  # update block-quantity success: 
                update block set quantity =?, is_update=? where time=?     
                  (2605, 0, '2017-08-31 00:00:00')
2017-08-18 10:33:47,795 INFO DBHelper logger.info  # connected sqlite3 success
2017-08-18 10:33:47,814 INFO 1hash-txinfo.py logger.info  # add block_monthly success: num is                    time  quantity
0   2016-02-29 00:00:00      4572
1   2016-03-31 00:00:00      4573
2   2016-04-30 00:00:00      4459
3   2016-05-31 00:00:00      4627
4   2016-06-30 00:00:00      4450
5   2016-07-31 00:00:00      4370
6   2016-08-31 00:00:00      4643
7   2016-09-30 00:00:00      4544
8   2016-10-31 00:00:00      4553
9   2016-11-30 00:00:00      4508
10  2016-12-31 00:00:00      4696
11  2017-01-31 00:00:00      4915
12  2017-02-28 00:00:00      4255
13  2017-03-31 00:00:00      4632
14  2017-04-30 00:00:00      4428
15  2017-05-31 00:00:00      4850
16  2017-06-30 00:00:00      4473
17  2017-07-31 00:00:00      4894
18  2017-08-31 00:00:00      2605
2017-08-18 17:14:05,644 INFO 1hash-txinfo.py logger.info  # getting pages = 45, total_count: 2226
2017-08-18 17:14:05,646 INFO DBHelper logger.info  # connected sqlite3 success
2017-08-18 17:14:05,647 INFO 1hash-txinfo.py logger.info  # get latest txinfo: 2017-08-18 04:08:10
2017-08-18 17:14:05,647 INFO 1hash-txinfo.py logger.info  # get blockinfo, page: 1
2017-08-18 17:14:06,984 INFO 1hash-txinfo.py logger.info  # requesting: https://chain.api.btc.com/v3/address/1F1xcRt8H8Wa623KqmkEontwAAVqDSAWCV/tx?page=1
2017-08-18 17:14:06,985 INFO DBHelper logger.info  # connected sqlite3 success
2017-08-18 17:14:06,987 INFO DBHelper logger.info  # batch_insert success: <sqlite3.Cursor object at 0x10ab1e1f0>, insert into income (time, txid, balance_diff, fee, is_coinbase, outputs_count) VALUES (?,?,?,?,?,?);
2017-08-18 17:14:06,987 INFO 1hash-txinfo.py logger.info  # updated 1 txinfo
2017-08-18 17:14:06,987 INFO DBHelper logger.info  # connected sqlite3 success
2017-08-18 17:14:07,108 INFO DBHelper logger.info  # connected sqlite3 success
2017-08-18 17:14:07,109 INFO DBHelper logger.info  # connected sqlite3 success
